tennis-9act
[250000, -3.8073593073593073, 462]
[500000, -3.8743589743589744, 390]
[750000, -3.9885057471264367, 348]
[1000000, -3.988826815642458, 358]
[1250000, -3.9913544668587897, 347]
[1500000, -3.9968944099378882, 322]
[1750000, -3.9905956112852663, 319]
[2000000, -3.990566037735849, 318]
[2250000, -3.9871794871794872, 312]
[2500000, -3.9622641509433962, 318]
[2750000, -3.9790794979079496, 239]
[3000000, -3.947598253275109, 229]
[3250000, -3.9571428571428573, 210]
[3500000, -3.9294871794871793, 156]
[3750000, -3.8317757009345796, 107]
[4000000, -3.798076923076923, 104]
[4250000, -3.8085106382978724, 94]
[4500000, -3.9302325581395348, 86]
[4750000, -3.920353982300885, 113]
[5000000, -3.661290322580645, 62]
[5250000, -3.896103896103896, 77]
[5500000, -3.9306930693069306, 101]
[5750000, -3.9012345679012346, 81]
[6000000, -3.9130434782608696, 46]
[6250000, -3.8260869565217392, 46]
[6500000, -3.7419354838709675, 31]
[6750000, -3.526315789473684, 38]
[7000000, -3.9014084507042255, 71]
[7250000, -3.8135593220338984, 59]
[7500000, -3.0789473684210527, 38]
[7750000, -3.7857142857142856, 42]
[8000000, -3.8666666666666667, 30]
[8250000, -3.7444444444444445, 90]
[8500000, -3.971830985915493, 71]
[8750000, -3.7755102040816326, 49]
[9000000, -3.8208955223880596, 67]
[9250000, -3.4186046511627906, 172]
[9500000, -3.7672413793103448, 116]
[9750000, -3.586206896551724, 58]
[10000000, -3.717948717948718, 39]
[10250000, -3.9560117302052786, 341]
[10500000, -3.8529411764705883, 238]
[10750000, -3.5, 36]
[11000000, -3.591549295774648, 71]
[11250000, -3.888888888888889, 27]
[11500000, -3.3541666666666665, 96]
[11750000, -3.6601307189542482, 153]
[12000000, -3.6710526315789473, 76]
[12250000, -2.6065573770491803, 61]
[12500000, -3.1971830985915495, 71]
[12750000, -3.2773722627737225, 137]
[13000000, -3.9848024316109423, 329]
[13250000, -3.782608695652174, 92]
[13500000, -3.760869565217391, 92]
[13750000, -3.0085470085470085, 117]
[14000000, -3.32, 50]
[14250000, -2.985074626865672, 67]
[14500000, -3.6481481481481484, 54]
[14750000, -3.435233160621762, 193]
[15000000, -3.076923076923077, 78]
[15250000, -2.8260869565217392, 69]
[15500000, -3.0638297872340425, 47]
[15750000, -3.2413793103448274, 58]
[16000000, -2.4625, 80]
[16250000, -1.662162162162162, 74]
[16500000, -2.4649122807017543, 114]
[16750000, -2.236559139784946, 93]
[17000000, -2.375757575757576, 165]
[17250000, -3.074468085106383, 94]
[17500000, -1.4, 85]
[17750000, -2.107142857142857, 112]
[18000000, -0.21568627450980393, 102]
[18250000, 0.9537037037037037, 108]
[18500000, -0.26666666666666666, 120]
[18750000, 2.8764044943820224, 178]
[19000000, 3.082802547770701, 157]
[19250000, 3.1624365482233503, 197]
[19500000, 3.530534351145038, 262]
[19750000, 3.3310580204778155, 293]
[20000000, 3.5921052631578947, 304]
[20250000, 3.3183520599250937, 267]
[20500000, 3.5653846153846156, 260]
[20750000, 3.361607142857143, 224]
[21000000, 3.4945454545454546, 275]
[21250000, 3.752659574468085, 376]
[21500000, 3.808080808080808, 396]
[21750000, 3.2409638554216866, 249]
[22000000, 3.677710843373494, 332]
[22250000, 3.675324675324675, 308]
[22500000, 3.5665399239543727, 263]
[22750000, 3.7806788511749345, 383]
[23000000, 3.6942857142857144, 350]
[23250000, 3.7804232804232805, 378]
[23500000, 3.7247956403269753, 367]
[23750000, 3.721227621483376, 391]
[24000000, 3.814070351758794, 398]
[24250000, 3.8005050505050506, 396]
[24500000, 3.7931937172774868, 382]
[24750000, 3.3654618473895583, 249]
[25000000, 3.7605177993527508, 309]
