tennis-1
[250000, -23.55, 80]
[500000, -23.774647887323944, 71]
[750000, -23.047619047619047, 63]
[1000000, -23.625, 56]
[1250000, -23.610169491525422, 59]
[1500000, -23.42105263157895, 57]
[1750000, -23.456521739130434, 46]
[2000000, -22.952380952380953, 42]
[2250000, -23.45945945945946, 37]
[2500000, -22.129032258064516, 31]
[2750000, -23.22222222222222, 54]
[3000000, -21.694444444444443, 36]
[3250000, -22.75, 36]
[3500000, -19.93103448275862, 29]
[3750000, -21.58823529411765, 17]
[4000000, -22.0, 33]
[4250000, -23.51063829787234, 47]
[4500000, -21.705882352941178, 17]
[4750000, -22.294117647058822, 17]
[5000000, -22.176470588235293, 51]
[5250000, -18.72222222222222, 18]
[5500000, -20.386363636363637, 44]
[5750000, -14.133333333333333, 15]
[6000000, -20.962962962962962, 27]
[6250000, -14.631578947368421, 19]
[6500000, -17.0, 24]
[6750000, -13.304347826086957, 23]
[7000000, -12.8, 15]
[7250000, -16.7, 20]
[7500000, -13.761904761904763, 21]
[7750000, -12.153846153846153, 13]
[8000000, -18.24137931034483, 29]
[8250000, -14.578947368421053, 19]
[8500000, -13.5, 22]
[8750000, -12.68421052631579, 19]
[9000000, -12.4, 5]
[9250000, -17.72972972972973, 37]
[9500000, -11.714285714285714, 14]
[9750000, -24.666666666666668, 3]
[10000000, -14.166666666666666, 6]
[10250000, -14.7, 30]
[10500000, -13.083333333333334, 12]
[10750000, -33.5, 4]
