tennis-2
[250000, -3.9944444444444445, 360]
[500000, -3.991253644314869, 343]
[750000, -3.992063492063492, 378]
[1000000, -3.9782608695652173, 368]
[1250000, -3.9878048780487805, 246]
[1500000, -3.989010989010989, 182]
[1750000, -3.945945945945946, 111]
[2000000, -3.8676470588235294, 68]
[2250000, -3.992, 125]
[2500000, -3.9797979797979797, 99]
[2750000, -3.992424242424242, 132]
[3000000, -3.7244897959183674, 98]
[3250000, -3.8461538461538463, 52]
[3500000, -3.797872340425532, 94]
[3750000, -3.6333333333333333, 30]
[4000000, -3.9456521739130435, 92]
[4250000, -3.9672131147540983, 61]
[4500000, -3.978723404255319, 47]
[4750000, -3.994475138121547, 181]
[5000000, -3.918918918918919, 37]
[5250000, -3.9761904761904763, 42]
[5500000, -3.738095238095238, 42]
[5750000, -3.7954545454545454, 44]
[6000000, -3.7142857142857144, 28]
[6250000, -3.736842105263158, 38]
[6500000, -3.893617021276596, 47]
[6750000, -3.707317073170732, 41]
[7000000, -3.66, 50]
[7250000, -3.7083333333333335, 24]
[7500000, -3.7, 60]
[7750000, -3.8823529411764706, 34]
[8000000, -3.8173076923076925, 104]
[8250000, -3.74, 50]
[8500000, -3.8350515463917527, 97]
[8750000, -3.5172413793103448, 29]
[9000000, -3.510204081632653, 49]
[9250000, -3.5, 62]
[9500000, -3.8955223880597014, 67]
[9750000, -2.8857142857142857, 35]
[10000000, -2.8518518518518516, 27]
[10250000, -3.257575757575758, 66]
[10500000, -2.1794871794871793, 39]
[10750000, -1.3846153846153846, 39]
[11000000, -2.5294117647058822, 34]
[11250000, -0.16666666666666666, 6]
[11500000, -1.7391304347826086, 23]
[11750000, -2.0697674418604652, 43]
[12000000, -3.7873303167420813, 221]
[12250000, -2.1449275362318843, 69]
[12500000, 0.058823529411764705, 51]
[12750000, -1.3783783783783783, 37]
[13000000, 2.6666666666666665, 30]
