tennis-5act
[250000, -3.9944444444444445, 360]
[500000, -3.991253644314869, 343]
[750000, -3.992063492063492, 378]
[1000000, -3.9782608695652173, 368]
[1250000, -3.9878048780487805, 246]
[1500000, -3.989010989010989, 182]
[1750000, -3.945945945945946, 111]
[2000000, -3.8676470588235294, 68]
[2250000, -3.992, 125]
[2500000, -3.9797979797979797, 99]
[2750000, -3.992424242424242, 132]
[3000000, -3.7244897959183674, 98]
[3250000, -3.8461538461538463, 52]
[3500000, -3.797872340425532, 94]
[3750000, -3.6333333333333333, 30]
[4000000, -3.9456521739130435, 92]
[4250000, -3.9672131147540983, 61]
[4500000, -3.978723404255319, 47]
[4750000, -3.994475138121547, 181]
[5000000, -3.918918918918919, 37]
[5250000, -3.9761904761904763, 42]
[5500000, -3.738095238095238, 42]
[5750000, -3.7954545454545454, 44]
[6000000, -3.7142857142857144, 28]
[6250000, -3.736842105263158, 38]
[6500000, -3.893617021276596, 47]
[6750000, -3.707317073170732, 41]
[7000000, -3.66, 50]
[7250000, -3.7083333333333335, 24]
[7500000, -3.7, 60]
[7750000, -3.8823529411764706, 34]
[8000000, -3.8173076923076925, 104]
[8250000, -3.74, 50]
[8500000, -3.8350515463917527, 97]
[8750000, -3.5172413793103448, 29]
[9000000, -3.510204081632653, 49]
[9250000, -3.5, 62]
[9500000, -3.8955223880597014, 67]
[9750000, -2.8857142857142857, 35]
[10000000, -2.8518518518518516, 27]
[10250000, -3.257575757575758, 66]
[10500000, -2.1794871794871793, 39]
[10750000, -1.3846153846153846, 39]
[11000000, -2.5294117647058822, 34]
[11250000, -0.16666666666666666, 6]
[11500000, -1.7391304347826086, 23]
[11750000, -2.0697674418604652, 43]
[12000000, -3.7873303167420813, 221]
[12250000, -2.1449275362318843, 69]
[12500000, 0.058823529411764705, 51]
[12750000, -1.3783783783783783, 37]
[13000000, 2.6666666666666665, 30]
[13250000, -0.32, 50]
[13500000, -1.7272727272727273, 44]
[13750000, 2.608695652173913, 69]
[14000000, 2.4065934065934065, 91]
[14250000, 2.7532467532467533, 77]
[14500000, 3.206896551724138, 87]
[14750000, 2.6106194690265485, 113]
[15000000, 1.4943820224719102, 89]
[15250000, 0.7213114754098361, 61]
[15500000, 2.5060240963855422, 83]
[15750000, 2.4869565217391303, 115]
[16000000, 2.9870967741935486, 155]
[16250000, 2.857142857142857, 154]
[16500000, 2.9261744966442955, 149]
[16750000, 1.7346938775510203, 98]
[17000000, 2.961783439490446, 157]
[17250000, 3.1882352941176473, 170]
[17500000, 3.0, 166]
[17750000, 2.7583892617449663, 149]
[18000000, 3.057142857142857, 175]
[18250000, 3.3135135135135134, 185]
[18500000, 3.393782383419689, 193]
[18750000, 3.422727272727273, 220]
[19000000, 2.9635416666666665, 192]
[19250000, 3.6587301587301586, 252]
[19500000, 3.575, 240]
[19750000, 3.5347222222222223, 288]
[20000000, 3.5555555555555554, 243]
[20250000, 3.6296296296296298, 270]
[20500000, 3.7003367003367003, 297]
[20750000, 3.7314814814814814, 324]
[21000000, 3.756838905775076, 329]
[21250000, 3.712121212121212, 330]
[21500000, 3.8181818181818183, 330]
[21750000, 3.7125, 320]
[22000000, 3.7009646302250805, 311]
[22250000, 3.802941176470588, 340]
[22500000, 3.769968051118211, 313]
[22750000, 3.7626112759643915, 337]
[23000000, 3.7614942528735633, 348]
[23250000, 3.791304347826087, 345]
[23500000, 3.7583081570996977, 331]
[23750000, 3.8022284122562673, 359]
[24000000, 3.78, 350]
[24250000, 3.712990936555891, 331]
[24500000, 3.792507204610951, 347]
[24750000, 3.8521505376344085, 372]
[25000000, 3.848314606741573, 356]
