tennis-1
[250000, -3.9343434343434343, 396]
[500000, -3.9957173447537473, 467]
[750000, -3.9877300613496933, 326]
[1000000, -3.9923664122137406, 524]
[1250000, -3.950892857142857, 224]
[1500000, -3.968609865470852, 223]
[1750000, -3.9006622516556293, 151]
[2000000, -3.8993288590604025, 149]
[2250000, -3.901098901098901, 91]
[2500000, -3.960591133004926, 203]
[2750000, -3.951219512195122, 123]
[3000000, -3.9159663865546217, 119]
[3250000, -3.912, 125]
[3500000, -3.8642857142857143, 140]
[3750000, -3.9054054054054053, 74]
[4000000, -3.8275862068965516, 116]
[4250000, -3.891509433962264, 212]
[4500000, -3.891156462585034, 294]
[4750000, -3.5531914893617023, 47]
[5000000, -3.582089552238806, 67]
[5250000, -3.898550724637681, 69]
[5500000, -3.92090395480226, 177]
[5750000, -3.2653061224489797, 98]
[6000000, -3.9779735682819384, 227]
[6250000, -3.757142857142857, 280]
[6500000, -3.9507042253521125, 142]
[6750000, -3.921875, 64]
[7000000, -3.8636363636363638, 66]
[7250000, -3.8863636363636362, 44]
[7500000, -3.831932773109244, 119]
[7750000, -3.9098712446351933, 233]
[8000000, -3.8955223880597014, 67]
[8250000, -3.875, 64]
[8500000, -3.891304347826087, 138]
[8750000, -3.957983193277311, 119]
[9000000, -3.9444444444444446, 144]
[9250000, -3.9751552795031055, 161]
[9500000, -3.885608856088561, 271]
[9750000, -3.911949685534591, 318]
[10000000, -3.886861313868613, 274]
[10250000, -3.863013698630137, 219]
[10500000, -3.9574468085106385, 94]
[10750000, -3.4285714285714284, 14]
[11000000, -3.94300518134715, 193]
[11250000, -3.9391304347826086, 230]
[11500000, -3.939732142857143, 448]
[11750000, -3.904593639575972, 283]
[12000000, -3.975806451612903, 124]
[12250000, -3.864406779661017, 118]
[12500000, -3.895238095238095, 210]
