pong-1
[250000, -20.942622950819672, 122]
[500000, -10.304347826086957, 23]
[750000, -3.5, 14]
[1000000, -3.8333333333333335, 12]
[1250000, -0.9090909090909091, 11]
[1500000, 0.3333333333333333, 3]
[1750000, 5.666666666666667, 6]
[2000000, 1.0, 10]
[2250000, 5.625, 8]
[2500000, -0.2777777777777778, 18]
[2750000, 15.666666666666666, 39]
[3000000, 18.05, 40]
[3250000, 17.675675675675677, 37]
[3500000, 18.085106382978722, 47]
[3750000, 15.18421052631579, 38]
[4000000, 17.96078431372549, 51]
[4250000, 16.18867924528302, 53]
[4500000, 17.127659574468087, 47]
[4750000, 16.24074074074074, 54]
[5000000, 14.285714285714286, 35]
[5250000, 18.63157894736842, 57]
[5500000, 18.553571428571427, 56]
[5750000, 17.77777777777778, 54]
[6000000, 17.25925925925926, 54]
[6250000, 18.363636363636363, 55]
[6500000, 17.71698113207547, 53]
[6750000, 17.285714285714285, 42]
[7000000, 17.21818181818182, 55]
[7250000, 16.627450980392158, 51]
[7500000, 18.21818181818182, 55]
[7750000, 18.14814814814815, 54]
[8000000, 18.074074074074073, 54]
[8250000, 18.535714285714285, 56]
[8500000, 15.660714285714286, 56]
[8750000, 18.09259259259259, 54]
[9000000, 15.0, 49]
[9250000, 17.942307692307693, 52]
[9500000, 17.557692307692307, 52]
[9750000, 17.2, 50]
[10000000, 18.0, 53]
[10250000, 17.692307692307693, 52]
[10500000, 18.166666666666668, 54]
[10750000, 17.433962264150942, 53]
[11000000, 18.62962962962963, 54]
[11250000, 17.85185185185185, 54]
[11500000, 17.313725490196077, 51]
[11750000, 18.074074074074073, 54]
[12000000, 17.85185185185185, 54]
[12250000, 17.92452830188679, 53]
